# JRE version: OpenJDK Runtime Environment Microsoft-8035246 (17.0.8+7) (build 17.0.8+7-LTS)
# Java VM: OpenJDK 64-Bit Server VM Microsoft-8035246 (17.0.8+7-LTS, mixed mode, sharing, tiered, compressed oops, compressed class ptrs, g1 gc, windows-amd64)
GC Precious Log:
 CPUs: 4 total, 4 available
 Memory: 16336M
 Large Page Support: Disabled
 NUMA Support: Disabled
 Compressed Oops: Enabled (32-bit)
 Heap Region Size: 1M
 Heap Min Capacity: 8M
 Heap Initial Capacity: 256M
 Heap Max Capacity: 2G
 Pre-touch: Disabled
 Parallel Workers: 4
 Concurrent Workers: 1
 Concurrent Refinement Workers: 4
 Periodic GC: Disabled
Heap:
 garbage-first heap   total 389120K, used 289276K [0x0000000080000000, 0x0000000100000000)
  region size 1024K, 79 young (80896K), 7 survivors (7168K)
 Metaspace       used 104640K, committed 105920K, reserved 557056K
  class space    used 14608K, committed 15168K, reserved 425984K
GC Heap History (20 events):
Event: 75.085 GC heap before
{Heap before GC invocations=35 (full 0):
 garbage-first heap   total 230400K, used 132360K [0x0000000080000000, 0x0000000100000000)
  region size 1024K, 11 young (11264K), 6 survivors (6144K)
 Metaspace       used 89811K, committed 90816K, reserved 557056K
  class space    used 12639K, committed 13120K, reserved 425984K
}
Event: 75.094 GC heap after
{Heap after GC invocations=36 (full 0):
 garbage-first heap   total 230400K, used 128709K [0x0000000080000000, 0x0000000100000000)
  region size 1024K, 1 young (1024K), 1 survivors (1024K)
 Metaspace       used 89811K, committed 90816K, reserved 557056K
  class space    used 12639K, committed 13120K, reserved 425984K
}
Event: 75.702 GC heap before
{Heap before GC invocations=36 (full 0):
 garbage-first heap   total 230400K, used 169669K [0x0000000080000000, 0x0000000100000000)
  region size 1024K, 39 young (39936K), 1 survivors (1024K)
 Metaspace       used 90520K, committed 91648K, reserved 557056K
  class space    used 12761K, committed 13312K, reserved 425984K
}
Event: 75.709 GC heap after
{Heap after GC invocations=37 (full 0):
 garbage-first heap   total 230400K, used 141312K [0x0000000080000000, 0x0000000100000000)
  region size 1024K, 5 young (5120K), 5 survivors (5120K)
 Metaspace       used 90520K, committed 91648K, reserved 557056K
  class space    used 12761K, committed 13312K, reserved 425984K
}
Event: 76.193 GC heap before
{Heap before GC invocations=38 (full 0):
 garbage-first heap   total 258048K, used 175104K [0x0000000080000000, 0x0000000100000000)
  region size 1024K, 37 young (37888K), 5 survivors (5120K)
 Metaspace       used 92179K, committed 93312K, reserved 557056K
  class space    used 12983K, committed 13504K, reserved 425984K
}
Event: 76.200 GC heap after
{Heap after GC invocations=39 (full 0):
 garbage-first heap   total 258048K, used 147358K [0x0000000080000000, 0x0000000100000000)
  region size 1024K, 5 young (5120K), 5 survivors (5120K)
 Metaspace       used 92179K, committed 93312K, reserved 557056K
  class space    used 12983K, committed 13504K, reserved 425984K
}
Event: 76.283 GC heap before
{Heap before GC invocations=39 (full 0):
 garbage-first heap   total 258048K, used 154526K [0x0000000080000000, 0x0000000100000000)
  region size 1024K, 12 young (12288K), 5 survivors (5120K)
 Metaspace       used 92531K, committed 93696K, reserved 557056K
  class space    used 13014K, committed 13568K, reserved 425984K
}
Event: 76.288 GC heap after
{Heap after GC invocations=40 (full 0):
 garbage-first heap   total 258048K, used 147791K [0x0000000080000000, 0x0000000100000000)
  region size 1024K, 1 young (1024K), 1 survivors (1024K)
 Metaspace       used 92531K, committed 93696K, reserved 557056K
  class space    used 13014K, committed 13568K, reserved 425984K
}
Event: 76.714 GC heap before
{Heap before GC invocations=40 (full 0):
 garbage-first heap   total 258048K, used 190799K [0x0000000080000000, 0x0000000100000000)
  region size 1024K, 43 young (44032K), 1 survivors (1024K)
 Metaspace       used 94742K, committed 95872K, reserved 557056K
  class space    used 13363K, committed 13888K, reserved 425984K
}
Event: 76.718 GC heap after
{Heap after GC invocations=41 (full 0):
 garbage-first heap   total 389120K, used 149296K [0x0000000080000000, 0x0000000100000000)
  region size 1024K, 3 young (3072K), 3 survivors (3072K)
 Metaspace       used 94742K, committed 95872K, reserved 557056K
  class space    used 13363K, committed 13888K, reserved 425984K
}
Event: 77.459 GC heap before
{Heap before GC invocations=41 (full 0):
 garbage-first heap   total 389120K, used 253744K [0x0000000080000000, 0x0000000100000000)
  region size 1024K, 105 young (107520K), 3 survivors (3072K)
 Metaspace       used 97151K, committed 98304K, reserved 557056K
  class space    used 13675K, committed 14208K, reserved 425984K
}
Event: 77.473 GC heap after
{Heap after GC invocations=42 (full 0):
 garbage-first heap   total 389120K, used 162464K [0x0000000080000000, 0x0000000100000000)
  region size 1024K, 14 young (14336K), 14 survivors (14336K)
 Metaspace       used 97151K, committed 98304K, reserved 557056K
  class space    used 13675K, committed 14208K, reserved 425984K
}
Event: 78.563 GC heap before
{Heap before GC invocations=42 (full 0):
 garbage-first heap   total 389120K, used 267936K [0x0000000080000000, 0x0000000100000000)
  region size 1024K, 117 young (119808K), 14 survivors (14336K)
 Metaspace       used 98606K, committed 99840K, reserved 557056K
  class space    used 13866K, committed 14400K, reserved 425984K
}
Event: 78.589 GC heap after
{Heap after GC invocations=43 (full 0):
 garbage-first heap   total 389120K, used 181833K [0x0000000080000000, 0x0000000100000000)
  region size 1024K, 15 young (15360K), 15 survivors (15360K)
 Metaspace       used 98606K, committed 99840K, reserved 557056K
  class space    used 13866K, committed 14400K, reserved 425984K
}
Event: 79.771 GC heap before
{Heap before GC invocations=43 (full 0):
 garbage-first heap   total 389120K, used 279113K [0x0000000080000000, 0x0000000100000000)
  region size 1024K, 110 young (112640K), 15 survivors (15360K)
 Metaspace       used 102941K, committed 104192K, reserved 557056K
  class space    used 14438K, committed 14976K, reserved 425984K
}
Event: 79.799 GC heap after
{Heap after GC invocations=44 (full 0):
 garbage-first heap   total 389120K, used 195072K [0x0000000080000000, 0x0000000100000000)
  region size 1024K, 12 young (12288K), 12 survivors (12288K)
 Metaspace       used 102941K, committed 104192K, reserved 557056K
  class space    used 14438K, committed 14976K, reserved 425984K
}
Event: 80.576 GC heap before
{Heap before GC invocations=44 (full 0):
 garbage-first heap   total 389120K, used 290304K [0x0000000080000000, 0x0000000100000000)
  region size 1024K, 105 young (107520K), 12 survivors (12288K)
 Metaspace       used 103473K, committed 104704K, reserved 557056K
  class space    used 14468K, committed 15040K, reserved 425984K
}
Event: 80.601 GC heap after
{Heap after GC invocations=45 (full 0):
 garbage-first heap   total 389120K, used 205824K [0x0000000080000000, 0x0000000100000000)
  region size 1024K, 11 young (11264K), 11 survivors (11264K)
 Metaspace       used 103473K, committed 104704K, reserved 557056K
  class space    used 14468K, committed 15040K, reserved 425984K
}
Event: 81.740 GC heap before
{Heap before GC invocations=45 (full 0):
 garbage-first heap   total 389120K, used 296960K [0x0000000080000000, 0x0000000100000000)
  region size 1024K, 101 young (103424K), 11 survivors (11264K)
 Metaspace       used 104626K, committed 105920K, reserved 557056K
  class space    used 14607K, committed 15168K, reserved 425984K
}
Event: 81.762 GC heap after
{Heap after GC invocations=46 (full 0):
 garbage-first heap   total 389120K, used 212476K [0x0000000080000000, 0x0000000100000000)
  region size 1024K, 7 young (7168K), 7 survivors (7168K)
 Metaspace       used 104626K, committed 105920K, reserved 557056K
  class space    used 14607K, committed 15168K, reserved 425984K
}

